<?xml version="1.0" encoding="UTF-8"?>
<!-- Generated by org.testng.reporters.JUnitReportReporter -->
<testsuite hostname="Helens-MacBook-Pro.local" name="Tests.TestHomeScreen2" tests="1" failures="0" timestamp="17 Jul 2017 03:23:17 GMT" time="499.970" errors="1">
  <testcase name="testGroupTwo" time="499.970" classname="Tests.TestHomeScreen2">
    <error type="org.openqa.selenium.WebDriverException" message="An unknown server-side error occurred while processing the command. Original error: Could not proxy. Proxy error: New Command Timeout of 60 seconds expired. Try customizing the timeout using the &#039;newCommandTimeout&#039; desired capability (WARNING: The server did not provide any stacktrace information)
Command duration or timeout: 329.41 seconds
Build info: version: &#039;3.4.0&#039;, revision: &#039;unknown&#039;, time: &#039;unknown&#039;
System info: host: &#039;Helens-MacBook-Pro.local&#039;, ip: &#039;fe80:0:0:0:186e:3c9f:981f:7647%en0&#039;, os.name: &#039;Mac OS X&#039;, os.arch: &#039;x86_64&#039;, os.version: &#039;10.12.5&#039;, java.version: &#039;1.8.0_131&#039;
Driver info: io.appium.java_client.ios.IOSDriver
Capabilities [{app=/Users/helen/Documents/workspace/IOS-Farm-Local/src/test/java/zentimerok.app, networkConnectionEnabled=false, noReset=false, clearSystemFiles=true, databaseEnabled=false, deviceName=iPhone 7, fullReset=false, platform=MAC, platformVersion=10.3, webStorageEnabled=false, locationContextEnabled=false, automationName=XCuiTest, browserName=, takesScreenshot=true, javascriptEnabled=true, platformName=iOS, udid=B8D850B8-F17E-4F8F-9622-0F3527F6A10B, autoAcceptAlerts=true}]
Session ID: d868d6be-807e-4fe5-84d4-ac6598670292">
      <![CDATA[org.openqa.selenium.WebDriverException: An unknown server-side error occurred while processing the command. Original error: Could not proxy. Proxy error: New Command Timeout of 60 seconds expired. Try customizing the timeout using the 'newCommandTimeout' desired capability (WARNING: The server did not provide any stacktrace information)
Command duration or timeout: 329.41 seconds
Build info: version: '3.4.0', revision: 'unknown', time: 'unknown'
System info: host: 'Helens-MacBook-Pro.local', ip: 'fe80:0:0:0:186e:3c9f:981f:7647%en0', os.name: 'Mac OS X', os.arch: 'x86_64', os.version: '10.12.5', java.version: '1.8.0_131'
Driver info: io.appium.java_client.ios.IOSDriver
Capabilities [{app=/Users/helen/Documents/workspace/IOS-Farm-Local/src/test/java/zentimerok.app, networkConnectionEnabled=false, noReset=false, clearSystemFiles=true, databaseEnabled=false, deviceName=iPhone 7, fullReset=false, platform=MAC, platformVersion=10.3, webStorageEnabled=false, locationContextEnabled=false, automationName=XCuiTest, browserName=, takesScreenshot=true, javascriptEnabled=true, platformName=iOS, udid=B8D850B8-F17E-4F8F-9622-0F3527F6A10B, autoAcceptAlerts=true}]
Session ID: d868d6be-807e-4fe5-84d4-ac6598670292
	at sun.reflect.NativeConstructorAccessorImpl.newInstance0(Native Method)
	at sun.reflect.NativeConstructorAccessorImpl.newInstance(NativeConstructorAccessorImpl.java:62)
	at sun.reflect.DelegatingConstructorAccessorImpl.newInstance(DelegatingConstructorAccessorImpl.java:45)
	at java.lang.reflect.Constructor.newInstance(Constructor.java:423)
	at org.openqa.selenium.remote.ErrorHandler.createThrowable(ErrorHandler.java:215)
	at org.openqa.selenium.remote.ErrorHandler.throwIfResponseFailed(ErrorHandler.java:167)
	at org.openqa.selenium.remote.RemoteWebDriver.execute(RemoteWebDriver.java:671)
	at io.appium.java_client.DefaultGenericMobileDriver.execute(DefaultGenericMobileDriver.java:42)
	at io.appium.java_client.AppiumDriver.execute(AppiumDriver.java:1)
	at io.appium.java_client.ios.IOSDriver.execute(IOSDriver.java:1)
	at org.openqa.selenium.remote.RemoteWebElement.execute(RemoteWebElement.java:272)
	at io.appium.java_client.DefaultGenericMobileElement.execute(DefaultGenericMobileElement.java:45)
	at io.appium.java_client.MobileElement.execute(MobileElement.java:1)
	at io.appium.java_client.ios.IOSElement.execute(IOSElement.java:1)
	at org.openqa.selenium.remote.RemoteWebElement.click(RemoteWebElement.java:82)
	at sun.reflect.NativeMethodAccessorImpl.invoke0(Native Method)
	at sun.reflect.NativeMethodAccessorImpl.invoke(NativeMethodAccessorImpl.java:62)
	at sun.reflect.DelegatingMethodAccessorImpl.invoke(DelegatingMethodAccessorImpl.java:43)
	at java.lang.reflect.Method.invoke(Method.java:498)
	at io.appium.java_client.pagefactory.ElementInterceptor.getObject(ElementInterceptor.java:40)
	at io.appium.java_client.pagefactory.interceptors.InterceptorOfASingleElement.intercept(InterceptorOfASingleElement.java:62)
	at io.appium.java_client.ios.IOSElement$$EnhancerByCGLIB$$d311658.click(<generated>)
	at Pages.HomePage.clickBack(HomePage.java:209)
	at Tests.TestHomeScreen2.testGroupTwo(TestHomeScreen2.java:66)
	at sun.reflect.NativeMethodAccessorImpl.invoke0(Native Method)
	at sun.reflect.NativeMethodAccessorImpl.invoke(NativeMethodAccessorImpl.java:62)
	at sun.reflect.DelegatingMethodAccessorImpl.invoke(DelegatingMethodAccessorImpl.java:43)
	at java.lang.reflect.Method.invoke(Method.java:498)
	at org.testng.internal.MethodInvocationHelper.invokeMethod(MethodInvocationHelper.java:86)
	at org.testng.internal.Invoker.invokeMethod(Invoker.java:643)
	at org.testng.internal.Invoker.invokeTestMethod(Invoker.java:820)
	at org.testng.internal.Invoker.invokeTestMethods(Invoker.java:1128)
	at org.testng.internal.TestMethodWorker.invokeTestMethods(TestMethodWorker.java:129)
	at org.testng.internal.TestMethodWorker.run(TestMethodWorker.java:112)
	at org.testng.TestRunner.privateRun(TestRunner.java:782)
	at org.testng.TestRunner.run(TestRunner.java:632)
	at org.testng.SuiteRunner.runTest(SuiteRunner.java:366)
	at org.testng.SuiteRunner.runSequentially(SuiteRunner.java:361)
	at org.testng.SuiteRunner.privateRun(SuiteRunner.java:319)
	at org.testng.SuiteRunner.run(SuiteRunner.java:268)
	at org.testng.SuiteRunnerWorker.runSuite(SuiteRunnerWorker.java:52)
	at org.testng.SuiteRunnerWorker.run(SuiteRunnerWorker.java:86)
	at org.testng.TestNG.runSuitesSequentially(TestNG.java:1244)
	at org.testng.TestNG.runSuitesLocally(TestNG.java:1169)
	at org.testng.TestNG.run(TestNG.java:1064)
	at org.testng.remote.AbstractRemoteTestNG.run(AbstractRemoteTestNG.java:132)
	at org.testng.remote.RemoteTestNG.initAndRun(RemoteTestNG.java:230)
	at org.testng.remote.RemoteTestNG.main(RemoteTestNG.java:76)
]]>
    </error>
  </testcase> <!-- testGroupTwo -->
</testsuite> <!-- Tests.TestHomeScreen2 -->
